{"/Users/yuriipopov/Nest_IT_Incubator/test/helpers/createBlogHelper.ts": {"path":"/Users/yuriipopov/Nest_IT_Incubator/test/helpers/createBlogHelper.ts","all":false,"statementMap":{"0":{"start":{"line":1,"column":0},"end":{"line":1,"column":32}},"1":{"start":{"line":2,"column":0},"end":{"line":2,"column":71}},"2":{"start":{"line":3,"column":0},"end":{"line":3,"column":0}},"3":{"start":{"line":4,"column":0},"end":{"line":4,"column":49}},"4":{"start":{"line":5,"column":0},"end":{"line":5,"column":47}},"5":{"start":{"line":6,"column":0},"end":{"line":6,"column":74}},"6":{"start":{"line":7,"column":0},"end":{"line":7,"column":4}},"7":{"start":{"line":8,"column":0},"end":{"line":8,"column":20}},"8":{"start":{"line":9,"column":0},"end":{"line":9,"column":2}}},"s":{"0":1,"1":1,"2":1,"3":1,"4":1,"5":1,"6":1,"7":1,"8":1},"branchMap":{"0":{"type":"branch","line":4,"loc":{"start":{"line":4,"column":34},"end":{"line":9,"column":2}},"locations":[{"start":{"line":4,"column":34},"end":{"line":9,"column":2}}]},"1":{"type":"branch","line":5,"loc":{"start":{"line":5,"column":21},"end":{"line":7,"column":3}},"locations":[{"start":{"line":5,"column":21},"end":{"line":7,"column":3}}]}},"b":{"0":[1],"1":[1]},"fnMap":{"0":{"name":"createBlogFunction","decl":{"start":{"line":4,"column":34},"end":{"line":9,"column":2}},"loc":{"start":{"line":4,"column":34},"end":{"line":9,"column":2}},"line":4},"1":{"name":"createBlog","decl":{"start":{"line":5,"column":21},"end":{"line":7,"column":3}},"loc":{"start":{"line":5,"column":21},"end":{"line":7,"column":3}},"line":5}},"f":{"0":1,"1":1}}
,"/Users/yuriipopov/Nest_IT_Incubator/test/helpers/createUserHelper.ts": {"path":"/Users/yuriipopov/Nest_IT_Incubator/test/helpers/createUserHelper.ts","all":false,"statementMap":{"0":{"start":{"line":1,"column":0},"end":{"line":1,"column":32}},"1":{"start":{"line":2,"column":0},"end":{"line":2,"column":70}},"2":{"start":{"line":3,"column":0},"end":{"line":3,"column":0}},"3":{"start":{"line":4,"column":0},"end":{"line":4,"column":56}},"4":{"start":{"line":5,"column":0},"end":{"line":5,"column":53}},"5":{"start":{"line":6,"column":0},"end":{"line":6,"column":74}},"6":{"start":{"line":7,"column":0},"end":{"line":7,"column":4}},"7":{"start":{"line":8,"column":0},"end":{"line":8,"column":20}},"8":{"start":{"line":9,"column":0},"end":{"line":9,"column":2}}},"s":{"0":1,"1":1,"2":1,"3":1,"4":1,"5":1,"6":1,"7":1,"8":1},"branchMap":{"0":{"type":"branch","line":4,"loc":{"start":{"line":4,"column":41},"end":{"line":9,"column":2}},"locations":[{"start":{"line":4,"column":41},"end":{"line":9,"column":2}}]},"1":{"type":"branch","line":5,"loc":{"start":{"line":5,"column":21},"end":{"line":7,"column":3}},"locations":[{"start":{"line":5,"column":21},"end":{"line":7,"column":3}}]}},"b":{"0":[1],"1":[1]},"fnMap":{"0":{"name":"createUserFunctionCreater","decl":{"start":{"line":4,"column":41},"end":{"line":9,"column":2}},"loc":{"start":{"line":4,"column":41},"end":{"line":9,"column":2}},"line":4},"1":{"name":"createUser","decl":{"start":{"line":5,"column":21},"end":{"line":7,"column":3}},"loc":{"start":{"line":5,"column":21},"end":{"line":7,"column":3}},"line":5}},"f":{"0":1,"1":1}}
}
